<?xml version="1.0" encoding="UTF-8"?>
<!-- Generated by org.testng.reporters.JUnitReportReporter -->
<testsuite hostname="LAPTOP-AS3VML0D" failures="0" tests="1" name="testNG.textNG10_groupings_sample1_testing" time="16.822" errors="0" timestamp="2023-01-26T11:25:26 IST" skipped="0">
  <testcase classname="testNG.textNG10_groupings_sample1_testing" name="facebooklogin" time="16.822"/>
  <system-out/>
</testsuite> <!-- testNG.textNG10_groupings_sample1_testing -->
