<?xml version="1.0" encoding="UTF-8"?>
<!-- Generated by org.testng.reporters.JUnitReportReporter -->
<testsuite hostname="LAPTOP-AS3VML0D" failures="0" tests="2" name="testNG.textNG5_keywords_Dependsonmethods" time="0.023" errors="0" timestamp="2023-01-22T19:23:16 IST" skipped="0">
  <testcase classname="testNG.textNG5_keywords_Dependsonmethods" name="loginpage" time="0.020"/>
  <system-out>
    <![CDATA[login faceboook]]>
  </system-out>
  <testcase classname="testNG.textNG5_keywords_Dependsonmethods" name="logout" time="0.003"/>
  <system-out>
    <![CDATA[logout facebook]]>
  </system-out>
</testsuite> <!-- testNG.textNG5_keywords_Dependsonmethods -->
