<?xml version="1.0" encoding="UTF-8"?>
<!-- Generated by org.testng.reporters.JUnitReportReporter -->
<testsuite hostname="LAPTOP-AS3VML0D" failures="0" tests="3" name="testNG.TestNG_textclass" time="0.035" errors="0" timestamp="2023-01-14T09:54:11 IST" skipped="0">
  <testcase classname="testNG.TestNG_textclass" name="TC1" time="0.023"/>
  <system-out>
    <![CDATA[ this is 1st test case]]>
  </system-out>
  <testcase classname="testNG.TestNG_textclass" name="TC2" time="0.003"/>
  <system-out>
    <![CDATA[ this is 2st test case]]>
  </system-out>
  <testcase classname="testNG.TestNG_textclass" name="TC3" time="0.009"/>
  <system-out>
    <![CDATA[ this is 3st test case]]>
  </system-out>
</testsuite> <!-- testNG.TestNG_textclass -->
