<?xml version="1.0" encoding="UTF-8"?>
<!-- Generated by org.testng.reporters.JUnitReportReporter -->
<testsuite hostname="LAPTOP-AS3VML0D" failures="0" tests="1" name="testNG.testcase1" time="7.804" errors="0" timestamp="2023-01-14T10:04:23 IST" skipped="0">
  <testcase classname="testNG.testcase1" name="m1" time="7.804"/>
  <system-out/>
</testsuite> <!-- testNG.testcase1 -->
