<?xml version="1.0" encoding="UTF-8"?>
<!-- Generated by org.testng.reporters.JUnitReportReporter -->
<testsuite hostname="LAPTOP-AS3VML0D" failures="0" tests="2" name="testNG.textNG5_keywords1_Dependsonmethods" time="0.024" errors="0" timestamp="2023-01-22T19:29:09 IST" skipped="0">
  <testcase classname="testNG.textNG5_keywords1_Dependsonmethods" name="logout" time="0.002"/>
  <system-out>
    <![CDATA[logout]]>
  </system-out>
  <testcase classname="testNG.textNG5_keywords1_Dependsonmethods" name="login" time="0.022"/>
  <system-out>
    <![CDATA[login]]>
  </system-out>
</testsuite> <!-- testNG.textNG5_keywords1_Dependsonmethods -->
