<?xml version="1.0" encoding="UTF-8"?>
<!-- Generated by org.testng.reporters.JUnitReportReporter -->
<testsuite hostname="LAPTOP-AS3VML0D" failures="0" tests="3" name="testNG.aa2" time="0.023" errors="0" timestamp="2023-02-02T12:43:38 IST" skipped="0">
  <testcase classname="testNG.aa2" name="TC3" time="0.015"/>
  <system-out/>
  <testcase classname="testNG.aa2" name="TC1" time="0.004"/>
  <system-out>
    <![CDATA[TC1]]>
  </system-out>
  <testcase classname="testNG.aa2" name="TC2" time="0.004"/>
  <system-out>
    <![CDATA[TC2]]>
  </system-out>
</testsuite> <!-- testNG.aa2 -->
