<?xml version="1.0" encoding="UTF-8"?>
<!-- Generated by org.testng.reporters.JUnitReportReporter -->
<testsuite hostname="LAPTOP-AS3VML0D" failures="0" tests="3" name="testNG.textNG6_sample2" time="0.035" errors="0" timestamp="2023-01-22T19:48:23 IST" skipped="0">
  <testcase classname="testNG.textNG6_sample2" name="TC4" time="0.021"/>
  <system-out>
    <![CDATA[running TC]]>
  </system-out>
  <testcase classname="testNG.textNG6_sample2" name="TC6" time="0.012"/>
  <system-out>
    <![CDATA[running TC]]>
  </system-out>
  <testcase classname="testNG.textNG6_sample2" name="TC5" time="0.002"/>
  <system-out>
    <![CDATA[running TC]]>
  </system-out>
</testsuite> <!-- testNG.textNG6_sample2 -->
