<?xml version="1.0" encoding="UTF-8"?>
<!-- Generated by org.testng.reporters.JUnitReportReporter -->
<testsuite hostname="LAPTOP-AS3VML0D" failures="0" tests="2" name="testNG.testing_annotation_class" time="0.024" errors="0" timestamp="2023-01-17T12:53:51 IST" skipped="0">
  <testcase classname="testNG.testing_annotation_class" name="TCQ2" time="0.008"/>
  <system-out>
    <![CDATA[verify logo]]>
  </system-out>
  <testcase classname="testNG.testing_annotation_class" name="TCQ1" time="0.016"/>
  <system-out>
    <![CDATA[verify logo]]>
  </system-out>
</testsuite> <!-- testNG.testing_annotation_class -->
