<?xml version="1.0" encoding="UTF-8"?>
<!-- Generated by org.testng.reporters.JUnitReportReporter -->
<testsuite hostname="LAPTOP-AS3VML0D" failures="0" tests="3" name="testNG.textNG_keywords_priority1" time="0.023" errors="0" timestamp="2023-01-17T13:46:07 IST" skipped="0">
  <testcase classname="testNG.textNG_keywords_priority1" name="verifylogo2" time="0.017"/>
  <system-out>
    <![CDATA[verifylogo]]>
  </system-out>
  <testcase classname="testNG.textNG_keywords_priority1" name="verifylogo1" time="0.004"/>
  <system-out>
    <![CDATA[verifylogo]]>
  </system-out>
  <testcase classname="testNG.textNG_keywords_priority1" name="verifylogo3" time="0.002"/>
  <system-out>
    <![CDATA[verifylogo]]>
  </system-out>
</testsuite> <!-- testNG.textNG_keywords_priority1 -->
