<?xml version="1.0" encoding="UTF-8"?>
<!-- Generated by org.testng.reporters.JUnitReportReporter -->
<testsuite hostname="LAPTOP-AS3VML0D" failures="0" tests="5" name="testNG.textNG_keywords" time="0.048" errors="0" timestamp="2023-01-17T13:00:15 IST" skipped="0">
  <testcase classname="testNG.textNG_keywords" name="tc1" time="0.011"/>
  <system-out>
    <![CDATA[verfiylogo]]>
  </system-out>
  <testcase classname="testNG.textNG_keywords" name="tc1" time="0.004"/>
  <system-out>
    <![CDATA[verfiylogo]]>
  </system-out>
  <testcase classname="testNG.textNG_keywords" name="tc1" time="0.008"/>
  <system-out>
    <![CDATA[verfiylogo]]>
  </system-out>
  <testcase classname="testNG.textNG_keywords" name="tc1" time="0.022"/>
  <system-out>
    <![CDATA[verfiylogo]]>
  </system-out>
  <testcase classname="testNG.textNG_keywords" name="tc1" time="0.003"/>
  <system-out>
    <![CDATA[verfiylogo]]>
  </system-out>
</testsuite> <!-- testNG.textNG_keywords -->
