<?xml version="1.0" encoding="UTF-8"?>
<!-- Generated by org.testng.reporters.JUnitReportReporter -->
<testsuite hostname="LAPTOP-AS3VML0D" failures="0" tests="3" name="testNG.testNG_testclass" time="0.025" errors="0" timestamp="2023-01-13T23:42:51 IST" skipped="0">
  <testcase classname="testNG.testNG_testclass" name="TC3" time="0.006"/>
  <system-out/>
  <testcase classname="testNG.testNG_testclass" name="TC1" time="0.016"/>
  <system-out/>
  <testcase classname="testNG.testNG_testclass" name="TC2" time="0.003"/>
  <system-out/>
</testsuite> <!-- testNG.testNG_testclass -->
