<?xml version="1.0" encoding="UTF-8"?>
<!-- Generated by org.testng.reporters.JUnitReportReporter -->
<testsuite hostname="LAPTOP-AS3VML0D" failures="0" tests="2" name="pom_with_DDF_integrate_withTestNg_with_baseclass_and_unitlityclass_propertyfile.swaglabtest1" time="15.578" errors="0" timestamp="2023-01-28T17:52:37 IST" skipped="0">
  <testcase classname="pom_with_DDF_integrate_withTestNg_with_baseclass_and_unitlityclass_propertyfile.swaglabtest1" name="verifylogo" time="8.993"/>
  <system-out/>
  <testcase classname="pom_with_DDF_integrate_withTestNg_with_baseclass_and_unitlityclass_propertyfile.swaglabtest1" name="verifyremovebtn" time="6.585"/>
  <system-out/>
</testsuite> <!-- pom_with_DDF_integrate_withTestNg_with_baseclass_and_unitlityclass_propertyfile.swaglabtest1 -->
