<?xml version="1.0" encoding="UTF-8"?>
<!-- Generated by org.testng.reporters.JUnitReportReporter -->
<testsuite hostname="LAPTOP-AS3VML0D" failures="0" tests="1" name="testNG.textNG9_parallal_grouping_testing" time="0.017" errors="0" timestamp="2023-01-26T09:32:44 IST" skipped="0">
  <testcase classname="testNG.textNG9_parallal_grouping_testing" name="TC2" time="0.017"/>
  <system-out>
    <![CDATA[running LOgin TC2]]>
  </system-out>
</testsuite> <!-- testNG.textNG9_parallal_grouping_testing -->
