<?xml version="1.0" encoding="UTF-8"?>
<!-- Generated by org.testng.reporters.JUnitReportReporter -->
<testsuite hostname="LAPTOP-AS3VML0D" failures="0" tests="3" name="testNG.textNG_keywords_priority" time="0.041" errors="0" timestamp="2023-01-17T13:04:30 IST" skipped="0">
  <testcase classname="testNG.textNG_keywords_priority" name="TC2" time="0.021"/>
  <system-out>
    <![CDATA[verifylogo]]>
  </system-out>
  <testcase classname="testNG.textNG_keywords_priority" name="TC1" time="0.009"/>
  <system-out>
    <![CDATA[verifylogo]]>
  </system-out>
  <testcase classname="testNG.textNG_keywords_priority" name="TC3" time="0.011"/>
  <system-out>
    <![CDATA[verifylogo]]>
  </system-out>
</testsuite> <!-- testNG.textNG_keywords_priority -->
