<?xml version="1.0" encoding="UTF-8"?>
<!-- Generated by org.testng.reporters.JUnitReportReporter -->
<testsuite hostname="LAPTOP-AS3VML0D" failures="0" tests="1" name="testNG.textNG5_assertclass_asserteuqal_methods" time="0.027" errors="0" timestamp="2023-01-29T13:07:09 IST" skipped="0">
  <testcase classname="testNG.textNG5_assertclass_asserteuqal_methods" name="TC1" time="0.027"/>
  <system-out/>
</testsuite> <!-- testNG.textNG5_assertclass_asserteuqal_methods -->
