<?xml version="1.0" encoding="UTF-8"?>
<!-- Generated by org.testng.reporters.JUnitReportReporter -->
<testsuite hostname="LAPTOP-AS3VML0D" failures="0" tests="1" name="testNG.Testing_Annotation" time="0.025" errors="0" timestamp="2023-01-16T21:27:21 IST" skipped="0">
  <testcase classname="testNG.Testing_Annotation" name="TC1" time="0.025"/>
  <system-out>
    <![CDATA[find logo]]>
  </system-out>
</testsuite> <!-- testNG.Testing_Annotation -->
