<?xml version="1.0" encoding="UTF-8"?>
<!-- Generated by org.testng.reporters.JUnitReportReporter -->
<testsuite hostname="LAPTOP-AS3VML0D" failures="0" tests="3" name="testNG.testcase" time="0.033" errors="0" timestamp="2023-01-14T09:55:00 IST" skipped="0">
  <testcase classname="testNG.testcase" name="Raj" time="0.019"/>
  <system-out>
    <![CDATA[hello raj hear]]>
  </system-out>
  <testcase classname="testNG.testcase" name="Raj1" time="0.003"/>
  <system-out>
    <![CDATA[hello raj hear]]>
  </system-out>
  <testcase classname="testNG.testcase" name="Raj2" time="0.011"/>
  <system-out>
    <![CDATA[hello raj hear]]>
  </system-out>
</testsuite> <!-- testNG.testcase -->
